<?xml version="1.0" encoding="UTF-8"?>
<!-- Generated by org.testng.reporters.JUnitXMLReporter -->
<testsuite ignored="0" hostname="LAPTOP-TOSEA342" failures="0" tests="3" name="Test_chrome" time="0.063" errors="0" timestamp="2023-02-05T17:28:02 IST">
  <testcase classname="TestNG.CrossBrowserTest" name="test1" time="0.01"/>
  <testcase classname="TestNG.CrossBrowserTest" name="test2" time="0.001"/>
  <testcase classname="TestNG.CrossBrowserTest" name="test3" time="0.002"/>
</testsuite> <!-- Test_chrome -->
