<?xml version="1.0" encoding="UTF-8"?>
<!-- Generated by org.testng.reporters.JUnitXMLReporter -->
<testsuite ignored="4" hostname="LAPTOP-TOSEA342" failures="0" tests="1" name="Test" time="0.041" errors="0" timestamp="2023-02-18T01:18:18 IST">
  <testcase classname="Test_TestNG.Test_xml" name="m1" time="0.009"/>
  <testcase classname="Test_TestNG.Test_xml" name="m3" time="0.0">
    <ignored/>
  </testcase> <!-- m3 -->
  <testcase classname="Test_TestNG.Test_xml" name="m2" time="0.0">
    <ignored/>
  </testcase> <!-- m2 -->
  <testcase classname="Test_TestNG.Test_xml" name="m5" time="0.0">
    <ignored/>
  </testcase> <!-- m5 -->
  <testcase classname="Test_TestNG.Test_xml" name="m4" time="0.0">
    <ignored/>
  </testcase> <!-- m4 -->
</testsuite> <!-- Test -->
