<?xml version="1.0" encoding="UTF-8"?>
<testng-results ignored="0" total="1" passed="1" failed="0" skipped="0">
  <reporter-output>
  </reporter-output>
  <suite started-at="2023-02-27T23:40:04 IST" name="Default suite" finished-at="2023-02-27T23:40:10 IST" duration-ms="6436">
    <groups>
    </groups>
    <test started-at="2023-02-27T23:40:04 IST" name="Default test" finished-at="2023-02-27T23:40:10 IST" duration-ms="6436">
      <class name="Com.Test.Test_SignUpPage">
        <test-method is-config="true" signature="setup()[pri:0, instance:Com.Test.Test_SignUpPage@7334aada]" started-at="2023-02-27T23:40:04 IST" name="setup" finished-at="2023-02-27T23:40:10 IST" duration-ms="5680" status="PASS">
          <reporter-output>
          </reporter-output>
        </test-method> <!-- setup -->
        <test-method signature="Test_SignUp()[pri:0, instance:Com.Test.Test_SignUpPage@7334aada]" started-at="2023-02-27T23:40:10 IST" name="Test_SignUp" finished-at="2023-02-27T23:40:10 IST" duration-ms="481" status="PASS">
          <reporter-output>
          </reporter-output>
        </test-method> <!-- Test_SignUp -->
        <test-method is-config="true" signature="teardown()[pri:0, instance:Com.Test.Test_SignUpPage@7334aada]" started-at="2023-02-27T23:40:10 IST" name="teardown" finished-at="2023-02-27T23:40:10 IST" duration-ms="217" status="PASS">
          <reporter-output>
          </reporter-output>
        </test-method> <!-- teardown -->
      </class> <!-- Com.Test.Test_SignUpPage -->
    </test> <!-- Default test -->
  </suite> <!-- Default suite -->
</testng-results>
