<?xml version="1.0" encoding="UTF-8"?>
<testng-results ignored="0" total="3" passed="3" failed="0" skipped="0">
  <reporter-output>
  </reporter-output>
  <suite started-at="2023-02-05T17:28:02 IST" name="Suite" finished-at="2023-02-05T17:28:02 IST" duration-ms="63">
    <groups>
    </groups>
    <test started-at="2023-02-05T17:28:02 IST" name="Test_chrome" finished-at="2023-02-05T17:28:02 IST" duration-ms="63">
      <class name="TestNG.CrossBrowserTest">
        <test-method signature="test1()[pri:0, instance:TestNG.CrossBrowserTest@5158b42f]" started-at="2023-02-05T17:28:02 IST" name="test1" finished-at="2023-02-05T17:28:02 IST" duration-ms="10" status="PASS">
          <reporter-output>
          </reporter-output>
        </test-method> <!-- test1 -->
        <test-method signature="test2()[pri:0, instance:TestNG.CrossBrowserTest@5158b42f]" started-at="2023-02-05T17:28:02 IST" name="test2" finished-at="2023-02-05T17:28:02 IST" duration-ms="1" status="PASS">
          <reporter-output>
          </reporter-output>
        </test-method> <!-- test2 -->
        <test-method signature="test3()[pri:0, instance:TestNG.CrossBrowserTest@5158b42f]" started-at="2023-02-05T17:28:02 IST" name="test3" finished-at="2023-02-05T17:28:02 IST" duration-ms="2" status="PASS">
          <reporter-output>
          </reporter-output>
        </test-method> <!-- test3 -->
      </class> <!-- TestNG.CrossBrowserTest -->
    </test> <!-- Test_chrome -->
  </suite> <!-- Suite -->
</testng-results>
