<?xml version="1.0" encoding="UTF-8"?>
<testng-results ignored="0" total="1" passed="1" failed="0" skipped="0">
  <reporter-output>
  </reporter-output>
  <suite started-at="2023-02-27T23:36:59 IST" name="Default suite" finished-at="2023-02-27T23:37:51 IST" duration-ms="52377">
    <groups>
    </groups>
    <test started-at="2023-02-27T23:36:59 IST" name="Default test" finished-at="2023-02-27T23:37:51 IST" duration-ms="52377">
      <class name="Com.Test.Test_Login">
        <test-method is-config="true" signature="setUp()[pri:0, instance:Com.Test.Test_Login@1ab3a8c8]" started-at="2023-02-27T23:36:59 IST" name="setUp" finished-at="2023-02-27T23:37:50 IST" duration-ms="51252" status="PASS">
          <reporter-output>
          </reporter-output>
        </test-method> <!-- setUp -->
        <test-method signature="Login_Test()[pri:0, instance:Com.Test.Test_Login@1ab3a8c8]" started-at="2023-02-27T23:37:50 IST" name="Login_Test" finished-at="2023-02-27T23:37:51 IST" duration-ms="645" status="PASS">
          <reporter-output>
          </reporter-output>
        </test-method> <!-- Login_Test -->
        <test-method is-config="true" signature="tearDown()[pri:0, instance:Com.Test.Test_Login@1ab3a8c8]" started-at="2023-02-27T23:37:51 IST" name="tearDown" finished-at="2023-02-27T23:37:51 IST" duration-ms="392" status="PASS">
          <reporter-output>
          </reporter-output>
        </test-method> <!-- tearDown -->
      </class> <!-- Com.Test.Test_Login -->
    </test> <!-- Default test -->
  </suite> <!-- Default suite -->
</testng-results>
